C:\arctic-almost-done\extras\arcemu-windows-libraries\Sources\..\VC\lib\pcre_debug_win32.lib
C:\arctic-almost-done\extras\arcemu-windows-libraries\Sources\pcre___Win32_Debug\cl.command.1.tlog
C:\arctic-almost-done\extras\arcemu-windows-libraries\Sources\pcre___Win32_Debug\CL.read.1.tlog
C:\arctic-almost-done\extras\arcemu-windows-libraries\Sources\pcre___Win32_Debug\CL.write.1.tlog
C:\arctic-almost-done\extras\arcemu-windows-libraries\Sources\pcre___Win32_Debug\lib.command.1.tlog
C:\arctic-almost-done\extras\arcemu-windows-libraries\Sources\pcre___Win32_Debug\Lib-link.read.1.tlog
C:\arctic-almost-done\extras\arcemu-windows-libraries\Sources\pcre___Win32_Debug\Lib-link.write.1.tlog
C:\ARCTIC-ALMOST-DONE\EXTRAS\ARCEMU-WINDOWS-LIBRARIES\SOURCES\PCRE___WIN32_DEBUG\PCRE_CHARTABLES.OBJ
C:\ARCTIC-ALMOST-DONE\EXTRAS\ARCEMU-WINDOWS-LIBRARIES\SOURCES\PCRE___WIN32_DEBUG\PCRE_COMPILE.OBJ
C:\ARCTIC-ALMOST-DONE\EXTRAS\ARCEMU-WINDOWS-LIBRARIES\SOURCES\PCRE___WIN32_DEBUG\PCRE_CONFIG.OBJ
C:\ARCTIC-ALMOST-DONE\EXTRAS\ARCEMU-WINDOWS-LIBRARIES\SOURCES\PCRE___WIN32_DEBUG\PCRE_DFA_EXEC.OBJ
C:\ARCTIC-ALMOST-DONE\EXTRAS\ARCEMU-WINDOWS-LIBRARIES\SOURCES\PCRE___WIN32_DEBUG\PCRE_EXEC.OBJ
C:\ARCTIC-ALMOST-DONE\EXTRAS\ARCEMU-WINDOWS-LIBRARIES\SOURCES\PCRE___WIN32_DEBUG\PCRE_FULLINFO.OBJ
C:\ARCTIC-ALMOST-DONE\EXTRAS\ARCEMU-WINDOWS-LIBRARIES\SOURCES\PCRE___WIN32_DEBUG\PCRE_GET.OBJ
C:\ARCTIC-ALMOST-DONE\EXTRAS\ARCEMU-WINDOWS-LIBRARIES\SOURCES\PCRE___WIN32_DEBUG\PCRE_GLOBALS.OBJ
C:\ARCTIC-ALMOST-DONE\EXTRAS\ARCEMU-WINDOWS-LIBRARIES\SOURCES\PCRE___WIN32_DEBUG\PCRE_INFO.OBJ
C:\ARCTIC-ALMOST-DONE\EXTRAS\ARCEMU-WINDOWS-LIBRARIES\SOURCES\PCRE___WIN32_DEBUG\PCRE_MAKETABLES.OBJ
C:\ARCTIC-ALMOST-DONE\EXTRAS\ARCEMU-WINDOWS-LIBRARIES\SOURCES\PCRE___WIN32_DEBUG\PCRE_NEWLINE.OBJ
C:\ARCTIC-ALMOST-DONE\EXTRAS\ARCEMU-WINDOWS-LIBRARIES\SOURCES\PCRE___WIN32_DEBUG\PCRE_ORD2UTF8.OBJ
C:\ARCTIC-ALMOST-DONE\EXTRAS\ARCEMU-WINDOWS-LIBRARIES\SOURCES\PCRE___WIN32_DEBUG\PCRE_REFCOUNT.OBJ
C:\ARCTIC-ALMOST-DONE\EXTRAS\ARCEMU-WINDOWS-LIBRARIES\SOURCES\PCRE___WIN32_DEBUG\PCRE_STUDY.OBJ
C:\ARCTIC-ALMOST-DONE\EXTRAS\ARCEMU-WINDOWS-LIBRARIES\SOURCES\PCRE___WIN32_DEBUG\PCRE_TABLES.OBJ
C:\ARCTIC-ALMOST-DONE\EXTRAS\ARCEMU-WINDOWS-LIBRARIES\SOURCES\PCRE___WIN32_DEBUG\PCRE_TRY_FLIPPED.OBJ
C:\ARCTIC-ALMOST-DONE\EXTRAS\ARCEMU-WINDOWS-LIBRARIES\SOURCES\PCRE___WIN32_DEBUG\PCRE_UCP_SEARCHFUNCS.OBJ
C:\ARCTIC-ALMOST-DONE\EXTRAS\ARCEMU-WINDOWS-LIBRARIES\SOURCES\PCRE___WIN32_DEBUG\PCRE_VALID_UTF8.OBJ
C:\ARCTIC-ALMOST-DONE\EXTRAS\ARCEMU-WINDOWS-LIBRARIES\SOURCES\PCRE___WIN32_DEBUG\PCRE_VERSION.OBJ
C:\ARCTIC-ALMOST-DONE\EXTRAS\ARCEMU-WINDOWS-LIBRARIES\SOURCES\PCRE___WIN32_DEBUG\PCRE_XCLASS.OBJ
C:\arctic-almost-done\extras\arcemu-windows-libraries\Sources\pcre___Win32_Debug\vc100.idb
C:\ARCTIC-ALMOST-DONE\EXTRAS\ARCEMU-WINDOWS-LIBRARIES\SOURCES\PCRE___WIN32_DEBUG\VC100.PDB
C:\ARCTIC-ALMOST-DONE\EXTRAS\ARCEMU-WINDOWS-LIBRARIES\VC\LIB\PCRE_DEBUG_WIN32.LIB
