Build started 11/4/2013 5:13:27 PM.
Project "C:\arctic-almost-done\extras\arcemu-windows-libraries\Sources\VC100-pcre.vcxproj" on node 2 (rebuild target(s)).
_PrepareForClean:
  Deleting file ".\pcre___Win32_Debug\pcre.lastbuildstate".
InitializeBuildStatus:
  Creating ".\pcre___Win32_Debug\pcre.unsuccessfulbuild" because "AlwaysCreate" was specified.
ClCompile:
  C:\Program Files\Microsoft Visual Studio 10.0\VC\bin\CL.exe /c /Zi /nologo /W3 /WX- /Od /Oy- /D WIN32 /D _DEBUG /D _LIB /D HAVE_CONFIG_H /D _VC80_UPGRADE=0x0710 /D _MBCS /Gm /EHsc /RTC1 /MDd /GS /fp:precise /Zc:wchar_t /Zc:forScope /Fo".\pcre___Win32_Debug\\" /Fd".\pcre___Win32_Debug\vc100.pdb" /Gd /TC /analyze- /errorReport:prompt pcre\pcre_chartables.c pcre\pcre_compile.c pcre\pcre_config.c pcre\pcre_dfa_exec.c pcre\pcre_exec.c pcre\pcre_fullinfo.c pcre\pcre_get.c pcre\pcre_globals.c pcre\pcre_info.c pcre\pcre_maketables.c pcre\pcre_newline.c pcre\pcre_ord2utf8.c pcre\pcre_refcount.c pcre\pcre_study.c pcre\pcre_tables.c pcre\pcre_try_flipped.c pcre\pcre_ucp_searchfuncs.c pcre\pcre_valid_utf8.c pcre\pcre_version.c pcre\pcre_xclass.c
  pcre_xclass.c
  pcre_version.c
  pcre_valid_utf8.c
  pcre_ucp_searchfuncs.c
  pcre_try_flipped.c
  pcre_tables.c
  pcre_study.c
  pcre_refcount.c
  pcre_ord2utf8.c
  pcre_newline.c
  pcre_maketables.c
  pcre_info.c
  pcre_globals.c
  pcre_get.c
  pcre_fullinfo.c
  pcre_exec.c
  pcre_dfa_exec.c
  pcre_config.c
  pcre_compile.c
  pcre_chartables.c
  Generating Code...
Lib:
  C:\Program Files\Microsoft Visual Studio 10.0\VC\bin\Lib.exe /OUT:"..\VC\lib\pcre_debug_win32.lib" /NOLOGO .\pcre___Win32_Debug\pcre_chartables.obj
  .\pcre___Win32_Debug\pcre_compile.obj
  .\pcre___Win32_Debug\pcre_config.obj
  .\pcre___Win32_Debug\pcre_dfa_exec.obj
  .\pcre___Win32_Debug\pcre_exec.obj
  .\pcre___Win32_Debug\pcre_fullinfo.obj
  .\pcre___Win32_Debug\pcre_get.obj
  .\pcre___Win32_Debug\pcre_globals.obj
  .\pcre___Win32_Debug\pcre_info.obj
  .\pcre___Win32_Debug\pcre_maketables.obj
  .\pcre___Win32_Debug\pcre_newline.obj
  .\pcre___Win32_Debug\pcre_ord2utf8.obj
  .\pcre___Win32_Debug\pcre_refcount.obj
  .\pcre___Win32_Debug\pcre_study.obj
  .\pcre___Win32_Debug\pcre_tables.obj
  .\pcre___Win32_Debug\pcre_try_flipped.obj
  .\pcre___Win32_Debug\pcre_ucp_searchfuncs.obj
  .\pcre___Win32_Debug\pcre_valid_utf8.obj
  .\pcre___Win32_Debug\pcre_version.obj
  .\pcre___Win32_Debug\pcre_xclass.obj
  VC100-pcre.vcxproj -> C:\arctic-almost-done\extras\arcemu-windows-libraries\Sources\..\VC\lib\pcre_debug_win32.lib
FinalizeBuildStatus:
  Deleting file ".\pcre___Win32_Debug\pcre.unsuccessfulbuild".
  Touching ".\pcre___Win32_Debug\pcre.lastbuildstate".
Done Building Project "C:\arctic-almost-done\extras\arcemu-windows-libraries\Sources\VC100-pcre.vcxproj" (rebuild target(s)).

Build succeeded.

Time Elapsed 00:00:04.06
