C:\arctic-almost-done\extras\arcemu-windows-libraries\Sources\..\VC\lib\zlib_debug_win32.lib
C:\ARCTIC-ALMOST-DONE\EXTRAS\ARCEMU-WINDOWS-LIBRARIES\SOURCES\ZLIB___WIN32_DEBUG\ADLER32.OBJ
C:\arctic-almost-done\extras\arcemu-windows-libraries\Sources\zlib___Win32_Debug\cl.command.1.tlog
C:\arctic-almost-done\extras\arcemu-windows-libraries\Sources\zlib___Win32_Debug\CL.read.1.tlog
C:\arctic-almost-done\extras\arcemu-windows-libraries\Sources\zlib___Win32_Debug\CL.write.1.tlog
C:\ARCTIC-ALMOST-DONE\EXTRAS\ARCEMU-WINDOWS-LIBRARIES\SOURCES\ZLIB___WIN32_DEBUG\COMPRESS.OBJ
C:\ARCTIC-ALMOST-DONE\EXTRAS\ARCEMU-WINDOWS-LIBRARIES\SOURCES\ZLIB___WIN32_DEBUG\CRC32.OBJ
C:\ARCTIC-ALMOST-DONE\EXTRAS\ARCEMU-WINDOWS-LIBRARIES\SOURCES\ZLIB___WIN32_DEBUG\DEFLATE.OBJ
C:\ARCTIC-ALMOST-DONE\EXTRAS\ARCEMU-WINDOWS-LIBRARIES\SOURCES\ZLIB___WIN32_DEBUG\EXAMPLE.OBJ
C:\ARCTIC-ALMOST-DONE\EXTRAS\ARCEMU-WINDOWS-LIBRARIES\SOURCES\ZLIB___WIN32_DEBUG\GZIO.OBJ
C:\ARCTIC-ALMOST-DONE\EXTRAS\ARCEMU-WINDOWS-LIBRARIES\SOURCES\ZLIB___WIN32_DEBUG\INFBACK.OBJ
C:\ARCTIC-ALMOST-DONE\EXTRAS\ARCEMU-WINDOWS-LIBRARIES\SOURCES\ZLIB___WIN32_DEBUG\INFFAST.OBJ
C:\ARCTIC-ALMOST-DONE\EXTRAS\ARCEMU-WINDOWS-LIBRARIES\SOURCES\ZLIB___WIN32_DEBUG\INFLATE.OBJ
C:\ARCTIC-ALMOST-DONE\EXTRAS\ARCEMU-WINDOWS-LIBRARIES\SOURCES\ZLIB___WIN32_DEBUG\INFTREES.OBJ
C:\arctic-almost-done\extras\arcemu-windows-libraries\Sources\zlib___Win32_Debug\lib.command.1.tlog
C:\arctic-almost-done\extras\arcemu-windows-libraries\Sources\zlib___Win32_Debug\Lib-link.read.1.tlog
C:\arctic-almost-done\extras\arcemu-windows-libraries\Sources\zlib___Win32_Debug\Lib-link.write.1.tlog
C:\ARCTIC-ALMOST-DONE\EXTRAS\ARCEMU-WINDOWS-LIBRARIES\SOURCES\ZLIB___WIN32_DEBUG\TREES.OBJ
C:\ARCTIC-ALMOST-DONE\EXTRAS\ARCEMU-WINDOWS-LIBRARIES\SOURCES\ZLIB___WIN32_DEBUG\UNCOMPR.OBJ
C:\arctic-almost-done\extras\arcemu-windows-libraries\Sources\zlib___Win32_Debug\vc100.idb
C:\ARCTIC-ALMOST-DONE\EXTRAS\ARCEMU-WINDOWS-LIBRARIES\SOURCES\ZLIB___WIN32_DEBUG\VC100.PDB
C:\ARCTIC-ALMOST-DONE\EXTRAS\ARCEMU-WINDOWS-LIBRARIES\SOURCES\ZLIB___WIN32_DEBUG\ZUTIL.OBJ
C:\ARCTIC-ALMOST-DONE\EXTRAS\ARCEMU-WINDOWS-LIBRARIES\VC\LIB\ZLIB_DEBUG_WIN32.LIB
